This is pdfTeX, Version 3.14159265-2.6-1.40.18 (TeX Live 2017/W32TeX) (preloaded format=pdflatex 2017.9.7)  29 OCT 2019 18:17
entering extended mode
 restricted \write18 enabled.
 %&-line parsing enabled.
**./tesi.tex
(./tesi.tex
LaTeX2e <2017-04-15>
Babel <3.10> and hyphenation patterns for 84 language(s) loaded.
(c:/texlive/2017/texmf-dist/tex/latex/base/book.cls
Document Class: book 2014/09/29 v1.4h Standard LaTeX document class
(c:/texlive/2017/texmf-dist/tex/latex/base/bk10.clo
File: bk10.clo 2014/09/29 v1.4h Standard LaTeX file (size option)
)
\c@part=\count79
\c@chapter=\count80
\c@section=\count81
\c@subsection=\count82
\c@subsubsection=\count83
\c@paragraph=\count84
\c@subparagraph=\count85
\c@figure=\count86
\c@table=\count87
\abovecaptionskip=\skip41
\belowcaptionskip=\skip42
\bibindent=\dimen102
)
(c:/texlive/2017/texmf-dist/tex/generic/babel/babel.sty
Package: babel 2017/05/19 3.10 The Babel package

(c:/texlive/2017/texmf-dist/tex/generic/babel-italian/italian.ldf
Language: italian 2015/03/26 v1.3n Italian support from the babel system

(c:/texlive/2017/texmf-dist/tex/generic/babel/babel.def
File: babel.def 2017/05/19 3.10 Babel common definitions
\babel@savecnt=\count88
\U@D=\dimen103
)
\it@lettering=\count89
\it@doublequoteactive=\count90
\it@ISOcompliance=\count91
))
(c:/texlive/2017/texmf-dist/tex/latex/etoolbox/etoolbox.sty
Package: etoolbox 2017/01/02 v2.4 e-TeX tools for LaTeX (JAW)
\etb@tempcnta=\count92
)
(c:/texlive/2017/texmf-dist/tex/latex/base/fontenc.sty
Package: fontenc 2017/04/05 v2.0i Standard LaTeX package

(c:/texlive/2017/texmf-dist/tex/latex/base/t1enc.def
File: t1enc.def 2017/04/05 v2.0i Standard LaTeX file
LaTeX Font Info:    Redeclaring font encoding T1 on input line 48.
))
(c:/texlive/2017/texmf-dist/tex/latex/base/inputenc.sty
Package: inputenc 2015/03/17 v1.2c Input encoding file
\inpenc@prehook=\toks14
\inpenc@posthook=\toks15

(c:/texlive/2017/texmf-dist/tex/latex/base/utf8.def
File: utf8.def 2017/01/28 v1.1t UTF-8 support for inputenc
Now handling font encoding OML ...
... no UTF-8 mapping file for font encoding OML
Now handling font encoding T1 ...
... processing UTF-8 mapping file for font encoding T1

(c:/texlive/2017/texmf-dist/tex/latex/base/t1enc.dfu
File: t1enc.dfu 2017/01/28 v1.1t UTF-8 support for inputenc
   defining Unicode char U+00A0 (decimal 160)
   defining Unicode char U+00A1 (decimal 161)
   defining Unicode char U+00A3 (decimal 163)
   defining Unicode char U+00AB (decimal 171)
   defining Unicode char U+00AD (decimal 173)
   defining Unicode char U+00BB (decimal 187)
   defining Unicode char U+00BF (decimal 191)
   defining Unicode char U+00C0 (decimal 192)
   defining Unicode char U+00C1 (decimal 193)
   defining Unicode char U+00C2 (decimal 194)
   defining Unicode char U+00C3 (decimal 195)
   defining Unicode char U+00C4 (decimal 196)
   defining Unicode char U+00C5 (decimal 197)
   defining Unicode char U+00C6 (decimal 198)
   defining Unicode char U+00C7 (decimal 199)
   defining Unicode char U+00C8 (decimal 200)
   defining Unicode char U+00C9 (decimal 201)
   defining Unicode char U+00CA (decimal 202)
   defining Unicode char U+00CB (decimal 203)
   defining Unicode char U+00CC (decimal 204)
   defining Unicode char U+00CD (decimal 205)
   defining Unicode char U+00CE (decimal 206)
   defining Unicode char U+00CF (decimal 207)
   defining Unicode char U+00D0 (decimal 208)
   defining Unicode char U+00D1 (decimal 209)
   defining Unicode char U+00D2 (decimal 210)
   defining Unicode char U+00D3 (decimal 211)
   defining Unicode char U+00D4 (decimal 212)
   defining Unicode char U+00D5 (decimal 213)
   defining Unicode char U+00D6 (decimal 214)
   defining Unicode char U+00D8 (decimal 216)
   defining Unicode char U+00D9 (decimal 217)
   defining Unicode char U+00DA (decimal 218)
   defining Unicode char U+00DB (decimal 219)
   defining Unicode char U+00DC (decimal 220)
   defining Unicode char U+00DD (decimal 221)
   defining Unicode char U+00DE (decimal 222)
   defining Unicode char U+00DF (decimal 223)
   defining Unicode char U+00E0 (decimal 224)
   defining Unicode char U+00E1 (decimal 225)
   defining Unicode char U+00E2 (decimal 226)
   defining Unicode char U+00E3 (decimal 227)
   defining Unicode char U+00E4 (decimal 228)
   defining Unicode char U+00E5 (decimal 229)
   defining Unicode char U+00E6 (decimal 230)
   defining Unicode char U+00E7 (decimal 231)
   defining Unicode char U+00E8 (decimal 232)
   defining Unicode char U+00E9 (decimal 233)
   defining Unicode char U+00EA (decimal 234)
   defining Unicode char U+00EB (decimal 235)
   defining Unicode char U+00EC (decimal 236)
   defining Unicode char U+00ED (decimal 237)
   defining Unicode char U+00EE (decimal 238)
   defining Unicode char U+00EF (decimal 239)
   defining Unicode char U+00F0 (decimal 240)
   defining Unicode char U+00F1 (decimal 241)
   defining Unicode char U+00F2 (decimal 242)
   defining Unicode char U+00F3 (decimal 243)
   defining Unicode char U+00F4 (decimal 244)
   defining Unicode char U+00F5 (decimal 245)
   defining Unicode char U+00F6 (decimal 246)
   defining Unicode char U+00F8 (decimal 248)
   defining Unicode char U+00F9 (decimal 249)
   defining Unicode char U+00FA (decimal 250)
   defining Unicode char U+00FB (decimal 251)
   defining Unicode char U+00FC (decimal 252)
   defining Unicode char U+00FD (decimal 253)
   defining Unicode char U+00FE (decimal 254)
   defining Unicode char U+00FF (decimal 255)
   defining Unicode char U+0100 (decimal 256)
   defining Unicode char U+0101 (decimal 257)
   defining Unicode char U+0102 (decimal 258)
   defining Unicode char U+0103 (decimal 259)
   defining Unicode char U+0104 (decimal 260)
   defining Unicode char U+0105 (decimal 261)
   defining Unicode char U+0106 (decimal 262)
   defining Unicode char U+0107 (decimal 263)
   defining Unicode char U+0108 (decimal 264)
   defining Unicode char U+0109 (decimal 265)
   defining Unicode char U+010A (decimal 266)
   defining Unicode char U+010B (decimal 267)
   defining Unicode char U+010C (decimal 268)
   defining Unicode char U+010D (decimal 269)
   defining Unicode char U+010E (decimal 270)
   defining Unicode char U+010F (decimal 271)
   defining Unicode char U+0110 (decimal 272)
   defining Unicode char U+0111 (decimal 273)
   defining Unicode char U+0112 (decimal 274)
   defining Unicode char U+0113 (decimal 275)
   defining Unicode char U+0114 (decimal 276)
   defining Unicode char U+0115 (decimal 277)
   defining Unicode char U+0116 (decimal 278)
   defining Unicode char U+0117 (decimal 279)
   defining Unicode char U+0118 (decimal 280)
   defining Unicode char U+0119 (decimal 281)
   defining Unicode char U+011A (decimal 282)
   defining Unicode char U+011B (decimal 283)
   defining Unicode char U+011C (decimal 284)
   defining Unicode char U+011D (decimal 285)
   defining Unicode char U+011E (decimal 286)
   defining Unicode char U+011F (decimal 287)
   defining Unicode char U+0120 (decimal 288)
   defining Unicode char U+0121 (decimal 289)
   defining Unicode char U+0122 (decimal 290)
   defining Unicode char U+0123 (decimal 291)
   defining Unicode char U+0124 (decimal 292)
   defining Unicode char U+0125 (decimal 293)
   defining Unicode char U+0128 (decimal 296)
   defining Unicode char U+0129 (decimal 297)
   defining Unicode char U+012A (decimal 298)
   defining Unicode char U+012B (decimal 299)
   defining Unicode char U+012C (decimal 300)
   defining Unicode char U+012D (decimal 301)
   defining Unicode char U+012E (decimal 302)
   defining Unicode char U+012F (decimal 303)
   defining Unicode char U+0130 (decimal 304)
   defining Unicode char U+0131 (decimal 305)
   defining Unicode char U+0132 (decimal 306)
   defining Unicode char U+0133 (decimal 307)
   defining Unicode char U+0134 (decimal 308)
   defining Unicode char U+0135 (decimal 309)
   defining Unicode char U+0136 (decimal 310)
   defining Unicode char U+0137 (decimal 311)
   defining Unicode char U+0139 (decimal 313)
   defining Unicode char U+013A (decimal 314)
   defining Unicode char U+013B (decimal 315)
   defining Unicode char U+013C (decimal 316)
   defining Unicode char U+013D (decimal 317)
   defining Unicode char U+013E (decimal 318)
   defining Unicode char U+0141 (decimal 321)
   defining Unicode char U+0142 (decimal 322)
   defining Unicode char U+0143 (decimal 323)
   defining Unicode char U+0144 (decimal 324)
   defining Unicode char U+0145 (decimal 325)
   defining Unicode char U+0146 (decimal 326)
   defining Unicode char U+0147 (decimal 327)
   defining Unicode char U+0148 (decimal 328)
   defining Unicode char U+014A (decimal 330)
   defining Unicode char U+014B (decimal 331)
   defining Unicode char U+014C (decimal 332)
   defining Unicode char U+014D (decimal 333)
   defining Unicode char U+014E (decimal 334)
   defining Unicode char U+014F (decimal 335)
   defining Unicode char U+0150 (decimal 336)
   defining Unicode char U+0151 (decimal 337)
   defining Unicode char U+0152 (decimal 338)
   defining Unicode char U+0153 (decimal 339)
   defining Unicode char U+0154 (decimal 340)
   defining Unicode char U+0155 (decimal 341)
   defining Unicode char U+0156 (decimal 342)
   defining Unicode char U+0157 (decimal 343)
   defining Unicode char U+0158 (decimal 344)
   defining Unicode char U+0159 (decimal 345)
   defining Unicode char U+015A (decimal 346)
   defining Unicode char U+015B (decimal 347)
   defining Unicode char U+015C (decimal 348)
   defining Unicode char U+015D (decimal 349)
   defining Unicode char U+015E (decimal 350)
   defining Unicode char U+015F (decimal 351)
   defining Unicode char U+0160 (decimal 352)
   defining Unicode char U+0161 (decimal 353)
   defining Unicode char U+0162 (decimal 354)
   defining Unicode char U+0163 (decimal 355)
   defining Unicode char U+0164 (decimal 356)
   defining Unicode char U+0165 (decimal 357)
   defining Unicode char U+0168 (decimal 360)
   defining Unicode char U+0169 (decimal 361)
   defining Unicode char U+016A (decimal 362)
   defining Unicode char U+016B (decimal 363)
   defining Unicode char U+016C (decimal 364)
   defining Unicode char U+016D (decimal 365)
   defining Unicode char U+016E (decimal 366)
   defining Unicode char U+016F (decimal 367)
   defining Unicode char U+0170 (decimal 368)
   defining Unicode char U+0171 (decimal 369)
   defining Unicode char U+0172 (decimal 370)
   defining Unicode char U+0173 (decimal 371)
   defining Unicode char U+0174 (decimal 372)
   defining Unicode char U+0175 (decimal 373)
   defining Unicode char U+0176 (decimal 374)
   defining Unicode char U+0177 (decimal 375)
   defining Unicode char U+0178 (decimal 376)
   defining Unicode char U+0179 (decimal 377)
   defining Unicode char U+017A (decimal 378)
   defining Unicode char U+017B (decimal 379)
   defining Unicode char U+017C (decimal 380)
   defining Unicode char U+017D (decimal 381)
   defining Unicode char U+017E (decimal 382)
   defining Unicode char U+01CD (decimal 461)
   defining Unicode char U+01CE (decimal 462)
   defining Unicode char U+01CF (decimal 463)
   defining Unicode char U+01D0 (decimal 464)
   defining Unicode char U+01D1 (decimal 465)
   defining Unicode char U+01D2 (decimal 466)
   defining Unicode char U+01D3 (decimal 467)
   defining Unicode char U+01D4 (decimal 468)
   defining Unicode char U+01E2 (decimal 482)
   defining Unicode char U+01E3 (decimal 483)
   defining Unicode char U+01E6 (decimal 486)
   defining Unicode char U+01E7 (decimal 487)
   defining Unicode char U+01E8 (decimal 488)
   defining Unicode char U+01E9 (decimal 489)
   defining Unicode char U+01EA (decimal 490)
   defining Unicode char U+01EB (decimal 491)
   defining Unicode char U+01F0 (decimal 496)
   defining Unicode char U+01F4 (decimal 500)
   defining Unicode char U+01F5 (decimal 501)
   defining Unicode char U+0218 (decimal 536)
   defining Unicode char U+0219 (decimal 537)
   defining Unicode char U+021A (decimal 538)
   defining Unicode char U+021B (decimal 539)
   defining Unicode char U+0232 (decimal 562)
   defining Unicode char U+0233 (decimal 563)
   defining Unicode char U+1E02 (decimal 7682)
   defining Unicode char U+1E03 (decimal 7683)
   defining Unicode char U+200C (decimal 8204)
   defining Unicode char U+2010 (decimal 8208)
   defining Unicode char U+2011 (decimal 8209)
   defining Unicode char U+2012 (decimal 8210)
   defining Unicode char U+2013 (decimal 8211)
   defining Unicode char U+2014 (decimal 8212)
   defining Unicode char U+2015 (decimal 8213)
   defining Unicode char U+2018 (decimal 8216)
   defining Unicode char U+2019 (decimal 8217)
   defining Unicode char U+201A (decimal 8218)
   defining Unicode char U+201C (decimal 8220)
   defining Unicode char U+201D (decimal 8221)
   defining Unicode char U+201E (decimal 8222)
   defining Unicode char U+2030 (decimal 8240)
   defining Unicode char U+2031 (decimal 8241)
   defining Unicode char U+2039 (decimal 8249)
   defining Unicode char U+203A (decimal 8250)
   defining Unicode char U+2423 (decimal 9251)
   defining Unicode char U+1E20 (decimal 7712)
   defining Unicode char U+1E21 (decimal 7713)
)
Now handling font encoding OT1 ...
... processing UTF-8 mapping file for font encoding OT1

(c:/texlive/2017/texmf-dist/tex/latex/base/ot1enc.dfu
File: ot1enc.dfu 2017/01/28 v1.1t UTF-8 support for inputenc
   defining Unicode char U+00A0 (decimal 160)
   defining Unicode char U+00A1 (decimal 161)
   defining Unicode char U+00A3 (decimal 163)
   defining Unicode char U+00AD (decimal 173)
   defining Unicode char U+00B8 (decimal 184)
   defining Unicode char U+00BF (decimal 191)
   defining Unicode char U+00C5 (decimal 197)
   defining Unicode char U+00C6 (decimal 198)
   defining Unicode char U+00D8 (decimal 216)
   defining Unicode char U+00DF (decimal 223)
   defining Unicode char U+00E6 (decimal 230)
   defining Unicode char U+00EC (decimal 236)
   defining Unicode char U+00ED (decimal 237)
   defining Unicode char U+00EE (decimal 238)
   defining Unicode char U+00EF (decimal 239)
   defining Unicode char U+00F8 (decimal 248)
   defining Unicode char U+0131 (decimal 305)
   defining Unicode char U+0141 (decimal 321)
   defining Unicode char U+0142 (decimal 322)
   defining Unicode char U+0152 (decimal 338)
   defining Unicode char U+0153 (decimal 339)
   defining Unicode char U+0174 (decimal 372)
   defining Unicode char U+0175 (decimal 373)
   defining Unicode char U+0176 (decimal 374)
   defining Unicode char U+0177 (decimal 375)
   defining Unicode char U+0218 (decimal 536)
   defining Unicode char U+0219 (decimal 537)
   defining Unicode char U+021A (decimal 538)
   defining Unicode char U+021B (decimal 539)
   defining Unicode char U+2013 (decimal 8211)
   defining Unicode char U+2014 (decimal 8212)
   defining Unicode char U+2018 (decimal 8216)
   defining Unicode char U+2019 (decimal 8217)
   defining Unicode char U+201C (decimal 8220)
   defining Unicode char U+201D (decimal 8221)
)
Now handling font encoding OMS ...
... processing UTF-8 mapping file for font encoding OMS

(c:/texlive/2017/texmf-dist/tex/latex/base/omsenc.dfu
File: omsenc.dfu 2017/01/28 v1.1t UTF-8 support for inputenc
   defining Unicode char U+00A7 (decimal 167)
   defining Unicode char U+00B6 (decimal 182)
   defining Unicode char U+00B7 (decimal 183)
   defining Unicode char U+2020 (decimal 8224)
   defining Unicode char U+2021 (decimal 8225)
   defining Unicode char U+2022 (decimal 8226)
)
Now handling font encoding OMX ...
... no UTF-8 mapping file for font encoding OMX
Now handling font encoding U ...
... no UTF-8 mapping file for font encoding U
   defining Unicode char U+00A9 (decimal 169)
   defining Unicode char U+00AA (decimal 170)
   defining Unicode char U+00AE (decimal 174)
   defining Unicode char U+00BA (decimal 186)
   defining Unicode char U+02C6 (decimal 710)
   defining Unicode char U+02DC (decimal 732)
   defining Unicode char U+200C (decimal 8204)
   defining Unicode char U+2026 (decimal 8230)
   defining Unicode char U+2122 (decimal 8482)
   defining Unicode char U+2423 (decimal 9251)
))
(c:/texlive/2017/texmf-dist/tex/latex/tools/tabularx.sty
Package: tabularx 2016/02/03 v2.11 `tabularx' package (DPC)

(c:/texlive/2017/texmf-dist/tex/latex/tools/array.sty
Package: array 2016/10/06 v2.4d Tabular extension package (FMi)
\col@sep=\dimen104
\extrarowheight=\dimen105
\NC@list=\toks16
\extratabsurround=\skip43
\backup@length=\skip44
)
\TX@col@width=\dimen106
\TX@old@table=\dimen107
\TX@old@col=\dimen108
\TX@target=\dimen109
\TX@delta=\dimen110
\TX@cols=\count93
\TX@ftn=\toks17
)
(c:/texlive/2017/texmf-dist/tex/latex/tools/verbatim.sty
Package: verbatim 2014/10/28 v1.5q LaTeX2e package for verbatim enhancements
\every@verbatim=\toks18
\verbatim@line=\toks19
\verbatim@in@stream=\read1
)
(c:/texlive/2017/texmf-dist/tex/latex/fancyhdr/fancyhdr.sty
Package: fancyhdr 2016/09/06 3.8 Extensive control of page headers and footers
\fancy@headwidth=\skip45
\f@ncyO@elh=\skip46
\f@ncyO@erh=\skip47
\f@ncyO@olh=\skip48
\f@ncyO@orh=\skip49
\f@ncyO@elf=\skip50
\f@ncyO@erf=\skip51
\f@ncyO@olf=\skip52
\f@ncyO@orf=\skip53
)
(c:/texlive/2017/texmf-dist/tex/latex/tocbibind/tocbibind.sty
Package: tocbibind 2010/10/13 v1.5k extra ToC listings
Package tocbibind Info: The document has chapter divisions on input line 50.


Package tocbibind Note: Using chapter style headings, unless overridden.

) (c:/texlive/2017/texmf-dist/tex/latex/siunitx/siunitx.sty
(c:/texlive/2017/texmf-dist/tex/latex/l3kernel/expl3.sty
Package: expl3 2017/05/13 L3 programming layer (loader) 

(c:/texlive/2017/texmf-dist/tex/latex/l3kernel/expl3-code.tex
Package: expl3 2017/05/13 L3 programming layer (code)
\c_max_int=\count94
\l_tmpa_int=\count95
\l_tmpb_int=\count96
\g_tmpa_int=\count97
\g_tmpb_int=\count98
\g__prg_map_int=\count99
\c_log_iow=\count100
\l_iow_line_count_int=\count101
\l__iow_line_target_int=\count102
\l__iow_one_indent_int=\count103
\l__iow_indent_int=\count104
\c_zero_dim=\dimen111
\c_max_dim=\dimen112
\l_tmpa_dim=\dimen113
\l_tmpb_dim=\dimen114
\g_tmpa_dim=\dimen115
\g_tmpb_dim=\dimen116
\c_zero_skip=\skip54
\c_max_skip=\skip55
\l_tmpa_skip=\skip56
\l_tmpb_skip=\skip57
\g_tmpa_skip=\skip58
\g_tmpb_skip=\skip59
\c_zero_muskip=\muskip10
\c_max_muskip=\muskip11
\l_tmpa_muskip=\muskip12
\l_tmpb_muskip=\muskip13
\g_tmpa_muskip=\muskip14
\g_tmpb_muskip=\muskip15
\l_keys_choice_int=\count105
\c__fp_leading_shift_int=\count106
\c__fp_middle_shift_int=\count107
\c__fp_trailing_shift_int=\count108
\c__fp_big_leading_shift_int=\count109
\c__fp_big_middle_shift_int=\count110
\c__fp_big_trailing_shift_int=\count111
\c__fp_Bigg_leading_shift_int=\count112
\c__fp_Bigg_middle_shift_int=\count113
\c__fp_Bigg_trailing_shift_int=\count114
\c__fp_rand_size_int=\count115
\c__fp_rand_four_int=\count116
\c__fp_rand_eight_int=\count117
\l__sort_length_int=\count118
\l__sort_min_int=\count119
\l__sort_top_int=\count120
\l__sort_max_int=\count121
\l__sort_true_max_int=\count122
\l__sort_block_int=\count123
\l__sort_begin_int=\count124
\l__sort_end_int=\count125
\l__sort_A_int=\count126
\l__sort_B_int=\count127
\l__sort_C_int=\count128
\c_empty_box=\box26
\l_tmpa_box=\box27
\l_tmpb_box=\box28
\g_tmpa_box=\box29
\g_tmpb_box=\box30
\l__box_top_dim=\dimen117
\l__box_bottom_dim=\dimen118
\l__box_left_dim=\dimen119
\l__box_right_dim=\dimen120
\l__box_top_new_dim=\dimen121
\l__box_bottom_new_dim=\dimen122
\l__box_left_new_dim=\dimen123
\l__box_right_new_dim=\dimen124
\l__box_internal_box=\box31
\l__coffin_internal_box=\box32
\l__coffin_internal_dim=\dimen125
\l__coffin_offset_x_dim=\dimen126
\l__coffin_offset_y_dim=\dimen127
\l__coffin_x_dim=\dimen128
\l__coffin_y_dim=\dimen129
\l__coffin_x_prime_dim=\dimen130
\l__coffin_y_prime_dim=\dimen131
\c_empty_coffin=\box33
\l__coffin_aligned_coffin=\box34
\l__coffin_aligned_internal_coffin=\box35
\l_tmpa_coffin=\box36
\l_tmpb_coffin=\box37
\l__coffin_display_coffin=\box38
\l__coffin_display_coord_coffin=\box39
\l__coffin_display_pole_coffin=\box40
\l__coffin_display_offset_dim=\dimen132
\l__coffin_display_x_dim=\dimen133
\l__coffin_display_y_dim=\dimen134
\l__coffin_bounding_shift_dim=\dimen135
\l__coffin_left_corner_dim=\dimen136
\l__coffin_right_corner_dim=\dimen137
\l__coffin_bottom_corner_dim=\dimen138
\l__coffin_top_corner_dim=\dimen139
\l__coffin_scaled_total_height_dim=\dimen140
\l__coffin_scaled_width_dim=\dimen141
)
(c:/texlive/2017/texmf-dist/tex/latex/l3kernel/l3pdfmode.def
File: l3pdfmode.def 2017/03/18 v L3 Experimental driver: PDF mode
\l__driver_color_stack_int=\count129
\l__driver_tmp_box=\box41
))
(c:/texlive/2017/texmf-dist/tex/latex/l3packages/xparse/xparse.sty
Package: xparse 2017/05/13 L3 Experimental document command parser
\l__xparse_current_arg_int=\count130
\g__xparse_grabber_int=\count131
\l__xparse_m_args_int=\count132
\l__xparse_mandatory_args_int=\count133
\l__xparse_v_nesting_int=\count134
)
Package: siunitx 2017/05/19 v2.7g A comprehensive (SI) units package

(c:/texlive/2017/texmf-dist/tex/latex/amsmath/amstext.sty
Package: amstext 2000/06/29 v2.01 AMS text

(c:/texlive/2017/texmf-dist/tex/latex/amsmath/amsgen.sty
File: amsgen.sty 1999/11/30 v2.0 generic functions
\@emptytoks=\toks20
\ex@=\dimen142
))
(c:/texlive/2017/texmf-dist/tex/latex/l3packages/l3keys2e/l3keys2e.sty
Package: l3keys2e 2017/05/13 LaTeX2e option processing using LaTeX3 keys
)
\l__siunitx_tmp_box=\box42
\l__siunitx_tmp_dim=\dimen143
\l__siunitx_tmp_int=\count135
\l__siunitx_number_mantissa_length_int=\count136
\l__siunitx_number_uncert_length_int=\count137
\l__siunitx_round_int=\count138
\l__siunitx_process_decimal_int=\count139
\l__siunitx_process_uncertainty_int=\count140
\l__siunitx_process_fixed_int=\count141
\l__siunitx_process_integer_min_int=\count142
\l__siunitx_process_precision_int=\count143
\l__siunitx_group_min_int=\count144
\l__siunitx_angle_marker_box=\box43
\l__siunitx_angle_unit_box=\box44
\l__siunitx_angle_marker_dim=\dimen144
\l__siunitx_angle_unit_dim=\dimen145
\l__siunitx_unit_int=\count145
\l__siunitx_unit_denominator_int=\count146
\l__siunitx_unit_numerator_int=\count147
\l__siunitx_unit_prefix_int=\count148
\l__siunitx_unit_prefix_base_int=\count149
\l__siunitx_unit_prefix_gram_int=\count150
\l__siunitx_number_product_int=\count151
\c__siunitx_one_fill_skip=\skip60
\l__siunitx_table_unit_align_skip=\skip61
\l__siunitx_table_exponent_dim=\dimen146
\l__siunitx_table_integer_dim=\dimen147
\l__siunitx_table_mantissa_dim=\dimen148
\l__siunitx_table_marker_dim=\dimen149
\l__siunitx_table_result_dim=\dimen150
\l__siunitx_table_uncert_dim=\dimen151
\l__siunitx_table_fill_pre_dim=\dimen152
\l__siunitx_table_fill_post_dim=\dimen153
\l__siunitx_table_fill_mid_dim=\dimen154
\l__siunitx_table_pre_box=\box45
\l__siunitx_table_post_box=\box46
\l__siunitx_table_mantissa_box=\box47
\l__siunitx_table_result_box=\box48
\l__siunitx_table_number_align_skip=\skip62
\l__siunitx_table_text_align_skip=\skip63
.................................................
. LaTeX info: "xparse/define-command"
. 
. Defining command \DeclareBinaryPrefix with sig. 'mmm' on line 7251.
.................................................
.................................................
. LaTeX info: "xparse/define-command"
. 
. Defining command \DeclareSIPostPower with sig. 'mm' on line 7254.
.................................................
.................................................
. LaTeX info: "xparse/define-command"
. 
. Defining command \DeclareSIPrefix with sig. 'mmm' on line 7257.
.................................................
.................................................
. LaTeX info: "xparse/define-command"
. 
. Defining command \DeclareSIPrePower with sig. 'mm' on line 7260.
.................................................
.................................................
. LaTeX info: "xparse/define-command"
. 
. Defining command \DeclareSIQualifier with sig. 'mm' on line 7263.
.................................................
.................................................
. LaTeX info: "xparse/define-command"
. 
. Defining command \DeclareSIUnit with sig. 'O{}mm' on line 7266.
.................................................
.................................................
. LaTeX info: "xparse/define-command"
. 
. Defining command \DeclareSIUnitWithOptions with sig. 'mmm' on line 7269.
.................................................
.................................................
. LaTeX info: "xparse/define-command"
. 
. Defining command \ang with sig. 'o>{\SplitArgument {2}{;}}m' on line 7284.
.................................................
.................................................
. LaTeX info: "xparse/define-command"
. 
. Defining command \num with sig. 'om' on line 7293.
.................................................
.................................................
. LaTeX info: "xparse/define-command"
. 
. Defining command \numlist with sig. 'o>{\SplitList {;}}m' on line 7302.
.................................................
.................................................
. LaTeX info: "xparse/define-command"
. 
. Defining command \numrange with sig. 'omm' on line 7311.
.................................................
.................................................
. LaTeX info: "xparse/define-command"
. 
. Defining command \SIlist with sig. 'o>{\SplitList {;}}mm' on line 7323.
.................................................
.................................................
. LaTeX info: "xparse/define-command"
. 
. Defining command \SIrange with sig. 'ommm' on line 7335.
.................................................
.................................................
. LaTeX info: "xparse/define-command"
. 
. Defining command \SI with sig. 'omom' on line 7347.
.................................................
.................................................
. LaTeX info: "xparse/define-command"
. 
. Defining command \sisetup with sig. 'm' on line 7350.
.................................................
.................................................
. LaTeX info: "xparse/define-command"
. 
. Defining command \tablenum with sig. 'om' on line 7365.
.................................................
.................................................
. LaTeX info: "xparse/define-command"
. 
. Defining command \si with sig. 'om' on line 7377.
.................................................
.................................................
. LaTeX info: "xparse/define-command"
. 
. Defining command \numInBookmark with sig. 'om' on line 7424.
.................................................
.................................................
. LaTeX info: "xparse/define-command"
. 
. Defining command \numrangeInBookmark with sig. 'omm' on line 7426.
.................................................
.................................................
. LaTeX info: "xparse/define-command"
. 
. Defining command \SIInBookmark with sig. 'omom' on line 7428.
.................................................
.................................................
. LaTeX info: "xparse/define-command"
. 
. Defining command \SIlistInBookmark with sig. 'omm' on line 7430.
.................................................
.................................................
. LaTeX info: "xparse/define-command"
. 
. Defining command \SIrangeInBookmark with sig. 'ommm' on line 7432.
.................................................
.................................................
. LaTeX info: "xparse/define-command"
. 
. Defining command \siInBookmark with sig. 'om' on line 7433.
.................................................
\g__file_internal_ior=\read2

(c:/texlive/2017/texmf-dist/tex/latex/beamer/translator/translator.sty
Package: translator 2010/06/12 ver 1.10

(c:/texlive/2017/texmf-dist/tex/latex/graphics/keyval.sty
Package: keyval 2014/10/28 v1.15 key=value parser (DPC)
\KV@toks@=\toks21
)
(c:/texlive/2017/texmf-dist/tex/latex/beamer/translator/translator-language-map
pings.tex)))
(c:/texlive/2017/texmf-dist/tex/latex/frontespizio/frontespizio.sty
Package: frontespizio 2011/09/21 1.4a (Enrico Gregorio)

(c:/texlive/2017/texmf-dist/tex/latex/tools/afterpage.sty
Package: afterpage 2014/10/28 v1.08 After-Page Package (DPC)
\AP@output=\toks22
\AP@partial=\box49
\AP@footins=\box50
)
(c:/texlive/2017/texmf-dist/tex/latex/graphics/graphicx.sty
Package: graphicx 2014/10/28 v1.0g Enhanced LaTeX Graphics (DPC,SPQR)

(c:/texlive/2017/texmf-dist/tex/latex/graphics/graphics.sty
Package: graphics 2017/04/14 v1.1b Standard LaTeX Graphics (DPC,SPQR)

(c:/texlive/2017/texmf-dist/tex/latex/graphics/trig.sty
Package: trig 2016/01/03 v1.10 sin cos tan (DPC)
)
(c:/texlive/2017/texmf-dist/tex/latex/graphics-cfg/graphics.cfg
File: graphics.cfg 2016/06/04 v1.11 sample graphics configuration
)
Package graphics Info: Driver file: pdftex.def on input line 99.

(c:/texlive/2017/texmf-dist/tex/latex/graphics-def/pdftex.def
File: pdftex.def 2017/01/12 v0.06k Graphics/color for pdfTeX

(c:/texlive/2017/texmf-dist/tex/generic/oberdiek/infwarerr.sty
Package: infwarerr 2016/05/16 v1.4 Providing info/warning/error messages (HO)
)
(c:/texlive/2017/texmf-dist/tex/generic/oberdiek/ltxcmds.sty
Package: ltxcmds 2016/05/16 v1.23 LaTeX kernel commands for general use (HO)
)
\Gread@gobject=\count152
))
\Gin@req@height=\dimen155
\Gin@req@width=\dimen156
)
(c:/texlive/2017/texmf-dist/tex/generic/oberdiek/atbegshi.sty
Package: atbegshi 2016/06/09 v1.18 At begin shipout hook (HO)

(c:/texlive/2017/texmf-dist/tex/generic/oberdiek/ifpdf.sty
Package: ifpdf 2017/03/15 v3.2 Provides the ifpdf switch
))
(c:/texlive/2017/texmf-dist/tex/latex/environ/environ.sty
Package: environ 2014/05/04 v0.3 A new way to define environments

(c:/texlive/2017/texmf-dist/tex/latex/trimspaces/trimspaces.sty
Package: trimspaces 2009/09/17 v1.1 Trim spaces around a token list
)
\@envbody=\toks23
)
(c:/texlive/2017/texmf-dist/tex/generic/ifxetex/ifxetex.sty
Package: ifxetex 2010/09/12 v0.6 Provides ifxetex conditional
)
\front@out=\write3
\openout3 = `tesi-frn.tex'.

)
(c:/texlive/2017/texmf-dist/tex/latex/amsmath/amsmath.sty
Package: amsmath 2016/11/05 v2.16a AMS math features
\@mathmargin=\skip64

For additional information on amsmath, use the `?' option.
(c:/texlive/2017/texmf-dist/tex/latex/amsmath/amsbsy.sty
Package: amsbsy 1999/11/29 v1.2d Bold Symbols
\pmbraise@=\dimen157
)
(c:/texlive/2017/texmf-dist/tex/latex/amsmath/amsopn.sty
Package: amsopn 2016/03/08 v2.02 operator names
)
\inf@bad=\count153
LaTeX Info: Redefining \frac on input line 213.
\uproot@=\count154
\leftroot@=\count155
LaTeX Info: Redefining \overline on input line 375.
\classnum@=\count156
\DOTSCASE@=\count157
LaTeX Info: Redefining \ldots on input line 472.
LaTeX Info: Redefining \dots on input line 475.
LaTeX Info: Redefining \cdots on input line 596.
\Mathstrutbox@=\box51
\strutbox@=\box52
\big@size=\dimen158
LaTeX Font Info:    Redeclaring font encoding OML on input line 712.
LaTeX Font Info:    Redeclaring font encoding OMS on input line 713.
\macc@depth=\count158
\c@MaxMatrixCols=\count159
\dotsspace@=\muskip16
\c@parentequation=\count160
\dspbrk@lvl=\count161
\tag@help=\toks24
\row@=\count162
\column@=\count163
\maxfields@=\count164
\andhelp@=\toks25
\eqnshift@=\dimen159
\alignsep@=\dimen160
\tagshift@=\dimen161
\tagwidth@=\dimen162
\totwidth@=\dimen163
\lineht@=\dimen164
\@envbody=\toks26
\multlinegap=\skip65
\multlinetaggap=\skip66
\mathdisplay@stack=\toks27
LaTeX Info: Redefining \[ on input line 2817.
LaTeX Info: Redefining \] on input line 2818.
)
(c:/texlive/2017/texmf-dist/tex/latex/geometry/geometry.sty
Package: geometry 2010/09/12 v5.6 Page Geometry

(c:/texlive/2017/texmf-dist/tex/generic/oberdiek/ifvtex.sty
Package: ifvtex 2016/05/16 v1.6 Detect VTeX and its facilities (HO)
Package ifvtex Info: VTeX not detected.
)
\Gm@cnth=\count165
\Gm@cntv=\count166
\c@Gm@tempcnt=\count167
\Gm@bindingoffset=\dimen165
\Gm@wd@mp=\dimen166
\Gm@odd@mp=\dimen167
\Gm@even@mp=\dimen168
\Gm@layoutwidth=\dimen169
\Gm@layoutheight=\dimen170
\Gm@layouthoffset=\dimen171
\Gm@layoutvoffset=\dimen172
\Gm@dimlist=\toks28
)
(c:/texlive/2017/texmf-dist/tex/latex/cite/cite.sty
LaTeX Info: Redefining \cite on input line 302.
LaTeX Info: Redefining \nocite on input line 332.
Package: cite 2015/02/27  v 5.5
)
(c:/texlive/2017/texmf-dist/tex/latex/hyperref/hyperref.sty
Package: hyperref 2017/03/14 v6.85a Hypertext links for LaTeX

(c:/texlive/2017/texmf-dist/tex/generic/oberdiek/hobsub-hyperref.sty
Package: hobsub-hyperref 2016/05/16 v1.14 Bundle oberdiek, subset hyperref (HO)


(c:/texlive/2017/texmf-dist/tex/generic/oberdiek/hobsub-generic.sty
Package: hobsub-generic 2016/05/16 v1.14 Bundle oberdiek, subset generic (HO)
Package: hobsub 2016/05/16 v1.14 Construct package bundles (HO)
Package hobsub Info: Skipping package `infwarerr' (already loaded).
Package hobsub Info: Skipping package `ltxcmds' (already loaded).
Package: ifluatex 2016/05/16 v1.4 Provides the ifluatex switch (HO)
Package ifluatex Info: LuaTeX not detected.
Package hobsub Info: Skipping package `ifvtex' (already loaded).
Package: intcalc 2016/05/16 v1.2 Expandable calculations with integers (HO)
Package hobsub Info: Skipping package `ifpdf' (already loaded).
Package: etexcmds 2016/05/16 v1.6 Avoid name clashes with e-TeX commands (HO)
Package etexcmds Info: Could not find \expanded.
(etexcmds)             That can mean that you are not using pdfTeX 1.50 or
(etexcmds)             that some package has redefined \expanded.
(etexcmds)             In the latter case, load this package earlier.
Package: kvsetkeys 2016/05/16 v1.17 Key value parser (HO)
Package: kvdefinekeys 2016/05/16 v1.4 Define keys (HO)
Package: pdftexcmds 2017/03/19 v0.25 Utility functions of pdfTeX for LuaTeX (HO
)
Package pdftexcmds Info: LuaTeX not detected.
Package pdftexcmds Info: \pdf@primitive is available.
Package pdftexcmds Info: \pdf@ifprimitive is available.
Package pdftexcmds Info: \pdfdraftmode found.
Package: pdfescape 2016/05/16 v1.14 Implements pdfTeX's escape features (HO)
Package: bigintcalc 2016/05/16 v1.4 Expandable calculations on big integers (HO
)
Package: bitset 2016/05/16 v1.2 Handle bit-vector datatype (HO)
Package: uniquecounter 2016/05/16 v1.3 Provide unlimited unique counter (HO)
)
Package hobsub Info: Skipping package `hobsub' (already loaded).
Package: letltxmacro 2016/05/16 v1.5 Let assignment for LaTeX macros (HO)
Package: hopatch 2016/05/16 v1.3 Wrapper for package hooks (HO)
Package: xcolor-patch 2016/05/16 xcolor patch
Package: atveryend 2016/05/16 v1.9 Hooks at the very end of document (HO)
Package hobsub Info: Skipping package `atbegshi' (already loaded).
Package: refcount 2016/05/16 v3.5 Data extraction from label references (HO)
Package: hycolor 2016/05/16 v1.8 Color options for hyperref/bookmark (HO)
)
(c:/texlive/2017/texmf-dist/tex/latex/oberdiek/auxhook.sty
Package: auxhook 2016/05/16 v1.4 Hooks for auxiliary files (HO)
)
(c:/texlive/2017/texmf-dist/tex/latex/oberdiek/kvoptions.sty
Package: kvoptions 2016/05/16 v3.12 Key value format for package options (HO)
)
\@linkdim=\dimen173
\Hy@linkcounter=\count168
\Hy@pagecounter=\count169

(c:/texlive/2017/texmf-dist/tex/latex/hyperref/pd1enc.def
File: pd1enc.def 2017/03/14 v6.85a Hyperref: PDFDocEncoding definition (HO)
Now handling font encoding PD1 ...
... no UTF-8 mapping file for font encoding PD1
)
\Hy@SavedSpaceFactor=\count170

(c:/texlive/2017/texmf-dist/tex/latex/latexconfig/hyperref.cfg
File: hyperref.cfg 2002/06/06 v1.2 hyperref configuration of TeXLive
)
Package hyperref Info: Option `final' set `true' on input line 4374.
Package hyperref Info: Hyper figures OFF on input line 4498.
Package hyperref Info: Link nesting OFF on input line 4503.
Package hyperref Info: Hyper index ON on input line 4506.
Package hyperref Info: Plain pages OFF on input line 4513.
Package hyperref Info: Backreferencing OFF on input line 4518.
Package hyperref Info: Implicit mode ON; LaTeX internals redefined.
Package hyperref Info: Bookmarks ON on input line 4751.
\c@Hy@tempcnt=\count171

(c:/texlive/2017/texmf-dist/tex/latex/url/url.sty
\Urlmuskip=\muskip17
Package: url 2013/09/16  ver 3.4  Verb mode for urls, etc.
)
LaTeX Info: Redefining \url on input line 5104.
\XeTeXLinkMargin=\dimen174
\Fld@menulength=\count172
\Field@Width=\dimen175
\Fld@charsize=\dimen176
Package hyperref Info: Hyper figures OFF on input line 6358.
Package hyperref Info: Link nesting OFF on input line 6363.
Package hyperref Info: Hyper index ON on input line 6366.
Package hyperref Info: backreferencing OFF on input line 6373.
Package hyperref Info: Link coloring OFF on input line 6378.
Package hyperref Info: Link coloring with OCG OFF on input line 6383.
Package hyperref Info: PDF/A mode OFF on input line 6388.
LaTeX Info: Redefining \ref on input line 6428.
LaTeX Info: Redefining \pageref on input line 6432.
\Hy@abspage=\count173
\c@Item=\count174
\c@Hfootnote=\count175
)

Package hyperref Message: Driver (autodetected): hpdftex.

(c:/texlive/2017/texmf-dist/tex/latex/hyperref/hpdftex.def
File: hpdftex.def 2017/03/14 v6.85a Hyperref driver for pdfTeX
\Fld@listcount=\count176
\c@bookmark@seq@number=\count177

(c:/texlive/2017/texmf-dist/tex/latex/oberdiek/rerunfilecheck.sty
Package: rerunfilecheck 2016/05/16 v1.8 Rerun checks for auxiliary files (HO)
Package uniquecounter Info: New unique counter `rerunfilecheck' on input line 2
82.
)
\Hy@SectionHShift=\skip67
)
Package hyperref Info: Option `colorlinks' set `true' on input line 32.
 (./tesi.aux

LaTeX Warning: Label `idro' multiply defined.


LaTeX Warning: Label `melissinos' multiply defined.


LaTeX Warning: Label `melissinos' multiply defined.


LaTeX Warning: Label `melissinos' multiply defined.


LaTeX Warning: Label `melissinos' multiply defined.


LaTeX Warning: Label `melissinos' multiply defined.


LaTeX Warning: Label `melissinos' multiply defined.


LaTeX Warning: Label `melissinos' multiply defined.


LaTeX Warning: Label `melissinos' multiply defined.


LaTeX Warning: Label `melissinos' multiply defined.


LaTeX Warning: Label `melissinos' multiply defined.


LaTeX Warning: Label `melissinos' multiply defined.


LaTeX Warning: Label `melissinos' multiply defined.


LaTeX Warning: Label `melissinos' multiply defined.


LaTeX Warning: Label `melissinos' multiply defined.


LaTeX Warning: Label `melissinos' multiply defined.


LaTeX Warning: Label `melissinos' multiply defined.


LaTeX Warning: Label `melissinos' multiply defined.


LaTeX Warning: Label `melissinos' multiply defined.


LaTeX Warning: Label `melissinos' multiply defined.

)
\openout1 = `tesi.aux'.

LaTeX Font Info:    Checking defaults for OML/cmm/m/it on input line 36.
LaTeX Font Info:    ... okay on input line 36.
LaTeX Font Info:    Checking defaults for T1/cmr/m/n on input line 36.
LaTeX Font Info:    ... okay on input line 36.
LaTeX Font Info:    Checking defaults for OT1/cmr/m/n on input line 36.
LaTeX Font Info:    ... okay on input line 36.
LaTeX Font Info:    Checking defaults for OMS/cmsy/m/n on input line 36.
LaTeX Font Info:    ... okay on input line 36.
LaTeX Font Info:    Checking defaults for OMX/cmex/m/n on input line 36.
LaTeX Font Info:    ... okay on input line 36.
LaTeX Font Info:    Checking defaults for U/cmr/m/n on input line 36.
LaTeX Font Info:    ... okay on input line 36.
LaTeX Font Info:    Checking defaults for PD1/pdf/m/n on input line 36.
LaTeX Font Info:    ... okay on input line 36.
LaTeX Info: Redefining \it@ocap on input line 36.
LaTeX Info: Redefining \it@ccap on input line 36.
Now handling font encoding TS1 ...
... processing UTF-8 mapping file for font encoding TS1
 (c:/texlive/2017/texmf-dist/tex/latex/base/ts1enc.dfu
File: ts1enc.dfu 2017/01/28 v1.1t UTF-8 support for inputenc
   defining Unicode char U+00A2 (decimal 162)
   defining Unicode char U+00A3 (decimal 163)
   defining Unicode char U+00A4 (decimal 164)
   defining Unicode char U+00A5 (decimal 165)
   defining Unicode char U+00A6 (decimal 166)
   defining Unicode char U+00A7 (decimal 167)
   defining Unicode char U+00A8 (decimal 168)
   defining Unicode char U+00A9 (decimal 169)
   defining Unicode char U+00AA (decimal 170)
   defining Unicode char U+00AC (decimal 172)
   defining Unicode char U+00AE (decimal 174)
   defining Unicode char U+00AF (decimal 175)
   defining Unicode char U+00B0 (decimal 176)
   defining Unicode char U+00B1 (decimal 177)
   defining Unicode char U+00B2 (decimal 178)
   defining Unicode char U+00B3 (decimal 179)
   defining Unicode char U+00B4 (decimal 180)
   defining Unicode char U+00B5 (decimal 181)
   defining Unicode char U+00B6 (decimal 182)
   defining Unicode char U+00B7 (decimal 183)
   defining Unicode char U+00B9 (decimal 185)
   defining Unicode char U+00BA (decimal 186)
   defining Unicode char U+00BC (decimal 188)
   defining Unicode char U+00BD (decimal 189)
   defining Unicode char U+00BE (decimal 190)
   defining Unicode char U+00D7 (decimal 215)
   defining Unicode char U+00F7 (decimal 247)
   defining Unicode char U+0192 (decimal 402)
   defining Unicode char U+02C7 (decimal 711)
   defining Unicode char U+02D8 (decimal 728)
   defining Unicode char U+02DD (decimal 733)
   defining Unicode char U+0E3F (decimal 3647)
   defining Unicode char U+2016 (decimal 8214)
   defining Unicode char U+2020 (decimal 8224)
   defining Unicode char U+2021 (decimal 8225)
   defining Unicode char U+2022 (decimal 8226)
   defining Unicode char U+2030 (decimal 8240)
   defining Unicode char U+2031 (decimal 8241)
   defining Unicode char U+203B (decimal 8251)
   defining Unicode char U+203D (decimal 8253)
   defining Unicode char U+2044 (decimal 8260)
   defining Unicode char U+204E (decimal 8270)
   defining Unicode char U+2052 (decimal 8274)
   defining Unicode char U+20A1 (decimal 8353)
   defining Unicode char U+20A4 (decimal 8356)
   defining Unicode char U+20A6 (decimal 8358)
   defining Unicode char U+20A9 (decimal 8361)
   defining Unicode char U+20AB (decimal 8363)
   defining Unicode char U+20AC (decimal 8364)
   defining Unicode char U+20B1 (decimal 8369)
   defining Unicode char U+2103 (decimal 8451)
   defining Unicode char U+2116 (decimal 8470)
   defining Unicode char U+2117 (decimal 8471)
   defining Unicode char U+211E (decimal 8478)
   defining Unicode char U+2120 (decimal 8480)
   defining Unicode char U+2122 (decimal 8482)
   defining Unicode char U+2126 (decimal 8486)
   defining Unicode char U+2127 (decimal 8487)
   defining Unicode char U+212E (decimal 8494)
   defining Unicode char U+2190 (decimal 8592)
   defining Unicode char U+2191 (decimal 8593)
   defining Unicode char U+2192 (decimal 8594)
   defining Unicode char U+2193 (decimal 8595)
   defining Unicode char U+2329 (decimal 9001)
   defining Unicode char U+232A (decimal 9002)
   defining Unicode char U+2422 (decimal 9250)
   defining Unicode char U+25E6 (decimal 9702)
   defining Unicode char U+25EF (decimal 9711)
   defining Unicode char U+266A (decimal 9834)
)
(c:/texlive/2017/texmf-dist/tex/latex/beamer/translator/dicts/translator-basic-
dictionary/translator-basic-dictionary-English.dict
Dictionary: translator-basic-dictionary, Language: English 
)
(c:/texlive/2017/texmf-dist/tex/latex/siunitx/siunitx-abbreviations.cfg
File: siunitx-abbreviations.cfg 2017/05/19 v2.7g siunitx: Abbreviated units
)
(c:/texlive/2017/texmf-dist/tex/context/base/mkii/supp-pdf.mkii
[Loading MPS to PDF converter (version 2006.09.02).]
\scratchcounter=\count178
\scratchdimen=\dimen177
\scratchbox=\box53
\nofMPsegments=\count179
\nofMParguments=\count180
\everyMPshowfont=\toks29
\MPscratchCnt=\count181
\MPscratchDim=\dimen178
\MPnumerator=\count182
\makeMPintoPDFobject=\count183
\everyMPtoPDFconversion=\toks30
) (c:/texlive/2017/texmf-dist/tex/latex/oberdiek/epstopdf-base.sty
Package: epstopdf-base 2016/05/15 v2.6 Base part for package epstopdf

(c:/texlive/2017/texmf-dist/tex/latex/oberdiek/grfext.sty
Package: grfext 2016/05/16 v1.2 Manage graphics extensions (HO)
)
Package epstopdf-base Info: Redefining graphics rule for `.eps' on input line 4
38.
Package grfext Info: Graphics extension search list:
(grfext)             [.png,.pdf,.jpg,.mps,.jpeg,.jbig2,.jb2,.PNG,.PDF,.JPG,.JPE
G,.JBIG2,.JB2,.eps]
(grfext)             \AppendGraphicsExtensions on input line 456.

(c:/texlive/2017/texmf-dist/tex/latex/latexconfig/epstopdf-sys.cfg
File: epstopdf-sys.cfg 2010/07/13 v1.3 Configuration of (r)epstopdf for TeX Liv
e
))
\AtBeginShipoutBox=\box54

*geometry* driver: auto-detecting
*geometry* detected driver: pdftex
*geometry* verbose mode - [ preamble ] result:
* driver: pdftex
* paper: a4paper
* layout: <same size as paper>
* layoutoffset:(h,v)=(0.0pt,0.0pt)
* modes: twoside 
* h-part:(L,W,R)=(71.70166pt, 418.25368pt, 107.55254pt)
* v-part:(T,H,B)=(101.40665pt, 686.7347pt, 56.9055pt)
* \paperwidth=597.50787pt
* \paperheight=845.04684pt
* \textwidth=418.25368pt
* \textheight=686.7347pt
* \oddsidemargin=-0.56833pt
* \evensidemargin=35.28255pt
* \topmargin=-0.93083pt
* \headheight=12.0pt
* \headsep=18.06749pt
* \topskip=10.0pt
* \footskip=25.29494pt
* \marginparwidth=115.0pt
* \marginparsep=7.0pt
* \columnsep=10.0pt
* \skip\footins=9.0pt plus 4.0pt minus 2.0pt
* \hoffset=0.0pt
* \voffset=0.0pt
* \mag=1000
* \@twocolumnfalse
* \@twosidetrue
* \@mparswitchtrue
* \@reversemarginfalse
* (1in=72.27pt=25.4mm, 1cm=28.453pt)

(c:/texlive/2017/texmf-dist/tex/latex/graphics/color.sty
Package: color 2016/07/10 v1.1e Standard LaTeX Color (DPC)
LaTeX Info: Redefining \color on input line 86.

(c:/texlive/2017/texmf-dist/tex/latex/graphics-cfg/color.cfg
File: color.cfg 2016/01/02 v1.6 sample color configuration
)
Package color Info: Driver file: pdftex.def on input line 147.
)
Package hyperref Info: Link coloring ON on input line 36.

(c:/texlive/2017/texmf-dist/tex/latex/hyperref/nameref.sty
Package: nameref 2016/05/21 v2.44 Cross-referencing by name of section

(c:/texlive/2017/texmf-dist/tex/generic/oberdiek/gettitlestring.sty
Package: gettitlestring 2016/05/16 v1.5 Cleanup title references (HO)
)
\c@section@level=\count184
)
LaTeX Info: Redefining \ref on input line 36.
LaTeX Info: Redefining \pageref on input line 36.
LaTeX Info: Redefining \nameref on input line 36.

(./tesi.out) (./tesi.out)
\@outlinefile=\write4
\openout4 = `tesi.out'.

\c__siunitx_mathsf_int=\count185
\c__siunitx_mathtt_int=\count186
 <tesi-frn.pdf, id=389, 597.50829pt x 845.0471pt>
File: tesi-frn.pdf Graphic file (type pdf)

<use tesi-frn.pdf>
Package pdftex.def Info: tesi-frn.pdf used on input line 38.
(pdftex.def)             Requested size: 597.50682pt x 845.04504pt.
 [1


 <./tesi-frn.pdf{c:/texlive/2017/texmf-var/fonts/map/pdftex/updmap/pdftex.map}>
] [2]
Underfull \hbox (badness 10000) in paragraph at lines 62--63

 []

[3

] [4

] (./tesi.toc [5] [6])
\tf@toc=\write5
\openout5 = `tesi.toc'.

 [7] [8

]
Capitolo 1.
<bondings.png, id=541, 417.81094pt x 153.57375pt>
File: bondings.png Graphic file (type png)
 <use bondings.png>
Package pdftex.def Info: bondings.png used on input line 79.
(pdftex.def)             Requested size: 418.25368pt x 153.74677pt.
 [9 <./bondings.png>] <dyagramphase.png, id=553, 627.09282pt x 264.23718pt>
File: dyagramphase.png Graphic file (type png)

<use dyagramphase.png>
Package pdftex.def Info: dyagramphase.png used on input line 99.
(pdftex.def)             Requested size: 418.25368pt x 176.2437pt.


LaTeX Warning: `h' float specifier changed to `ht'.


Overfull \hbox (29.60716pt too wide) in paragraph at lines 119--131
 [] 
 []


Underfull \vbox (badness 3635) has occurred while \output is active []

 [10]
[11 <./dyagramphase.png>] [12

]
Capitolo 2.

Underfull \hbox (badness 10000) in paragraph at lines 137--138

 []

<carbynecrystal.png, id=577, 222.8325pt x 297.36093pt>
File: carbynecrystal.png Graphic file (type png)

<use carbynecrystal.png>
Package pdftex.def Info: carbynecrystal.png used on input line 149.
(pdftex.def)             Requested size: 167.2989pt x 223.25609pt.


LaTeX Warning: `h' float specifier changed to `ht'.

<phocarb.png, id=580, 249.93375pt x 265.74281pt>
File: phocarb.png Graphic file (type png)
 <use phocarb.png>
Package pdftex.def Info: phocarb.png used on input line 159.
(pdftex.def)             Requested size: 250.95476pt x 266.83698pt.


LaTeX Warning: `!h' float specifier changed to `!ht'.

[13] <carbyne.png, id=592, 398.99063pt x 135.50626pt>
File: carbyne.png Graphic file (type png)
 <use carbyne.png>
Package pdftex.def Info: carbyne.png used on input line 174.
(pdftex.def)             Requested size: 334.60422pt x 113.64458pt.

Underfull \vbox (badness 10000) has occurred while \output is active []

 [14 <./carbynecrystal.png> <./phocarb.png>] [15 <./carbyne.png>] [16

]
Capitolo 3.
<idrocarburi.png, id=611, 286.82156pt x 253.69781pt>
File: idrocarburi.png Graphic file (type png)
 <use idrocarburi.png>
Package pdftex.def Info: idrocarburi.png used on input line 202.
(pdftex.def)             Requested size: 209.12683pt x 184.98108pt.

<polymers.png, id=612, 473.51906pt x 323.70938pt>
File: polymers.png Graphic file (type png)
 <use polymers.png>
Package pdftex.def Info: polymers.png used on input line 210.
(pdftex.def)             Requested size: 334.60422pt x 228.7486pt.

Underfull \vbox (badness 2205) has occurred while \output is active []

 [17]
[18 <./idrocarburi.png> <./polymers.png>]
<ABAB.png, id=626, 487.8225pt x 339.51843pt>
File: ABAB.png Graphic file (type png)
 <use ABAB.png>
Package pdftex.def Info: ABAB.png used on input line 228.
(pdftex.def)             Requested size: 334.60422pt x 232.87955pt.


LaTeX Warning: `!h' float specifier changed to `!ht'.

<ABCABC.png, id=629, 357.58594pt x 319.1925pt>
File: ABCABC.png Graphic file (type png)
 <use ABCABC.png>
Package pdftex.def Info: ABCABC.png used on input line 243.
(pdftex.def)             Requested size: 250.95476pt x 224.0128pt.
 [19]
<brillouingrafite.png, id=636, 349.305pt x 159.59625pt>
File: brillouingrafite.png Graphic file (type png)

<use brillouingrafite.png>
Package pdftex.def Info: brillouingrafite.png used on input line 253.
(pdftex.def)             Requested size: 250.95476pt x 114.6608pt.
 [20 <./ABAB.png> <./ABCABC.png>]
<fononegrafite.png, id=646, 670.00313pt x 302.63063pt>
File: fononegrafite.png Graphic file (type png)
 <use fononegrafite.png>
Package pdftex.def Info: fononegrafite.png used on input line 268.
(pdftex.def)             Requested size: 418.25368pt x 188.9174pt.

[21 <./brillouingrafite.png> <./fononegrafite.png>]
<calspecgraf.png, id=657, 341.02406pt x 345.54094pt>
File: calspecgraf.png Graphic file (type png)
 <use calspecgraf.png>
Package pdftex.def Info: calspecgraf.png used on input line 290.
(pdftex.def)             Requested size: 250.95476pt x 254.28325pt.

[22 <./calspecgraf.png>]
Underfull \hbox (badness 10000) in paragraph at lines 302--303

 []

<electricarc.png, id=666, 521.69907pt x 437.38406pt>
File: electricarc.png Graphic file (type png)
 <use electricarc.png>
Package pdftex.def Info: electricarc.png used on input line 308.
(pdftex.def)             Requested size: 250.95476pt x 210.39578pt.

Underfull \hbox (badness 10000) in paragraph at lines 304--315

 []


Underfull \hbox (badness 10000) in paragraph at lines 316--317

 []


Underfull \hbox (badness 10000) in paragraph at lines 318--319

 []

[23 <./electricarc.png>]
Underfull \hbox (badness 10000) in paragraph at lines 320--321

 []


Underfull \hbox (badness 10000) in paragraph at lines 322--323

 []

[24]
Capitolo 4.
<scotchtape.png, id=676, 260.47313pt x 188.95593pt>
File: scotchtape.png Graphic file (type png)
 <use scotchtape.png>
Package pdftex.def Info: scotchtape.png used on input line 335.
(pdftex.def)             Requested size: 250.95476pt x 182.053pt.

Underfull \hbox (badness 10000) in paragraph at lines 332--341

 []

[25

 <./scotchtape.png>]
LaTeX Font Info:    Try loading font information for OMS+cmr on input line 344.

 (c:/texlive/2017/texmf-dist/tex/latex/base/omscmr.fd
File: omscmr.fd 2014/09/29 v2.5h Standard LaTeX font definitions
)
LaTeX Font Info:    Font shape `OMS/cmr/m/n' in size <10> not available
(Font)              Font shape `OMS/cmsy/m/n' tried instead on input line 344.

<praghene.png, id=685, 249.18094pt x 199.49532pt>
File: praghene.png Graphic file (type png)
 <use praghene.png>
Package pdftex.def Info: praghene.png used on input line 356.
(pdftex.def)             Requested size: 250.95476pt x 200.91942pt.

<cellunit.png, id=688, 272.51813pt x 119.69719pt>
File: cellunit.png Graphic file (type png)
 <use cellunit.png>
Package pdftex.def Info: cellunit.png used on input line 365.
(pdftex.def)             Requested size: 250.95476pt x 110.225pt.


LaTeX Warning: `!h' float specifier changed to `!ht'.

[26 <./praghene.png>]
<primitivecellgraph.png, id=695, 688.82344pt x 333.49594pt>
File: primitivecellgraph.png Graphic file (type png)

<use primitivecellgraph.png>
Package pdftex.def Info: primitivecellgraph.png used on input line 376.
(pdftex.def)             Requested size: 250.95476pt x 121.49855pt.
 <phografe.png, id=699, 514.17094pt x 358.33875pt>
File: phografe.png Graphic file (type png)

<use phografe.png>
Package pdftex.def Info: phografe.png used on input line 384.
(pdftex.def)             Requested size: 334.60422pt x 233.19629pt.


LaTeX Warning: `!h' float specifier changed to `!ht'.

[27 <./cellunit.png> <./primitivecellgraph.png>]
Underfull \hbox (badness 10000) in paragraph at lines 393--394

 []

<transistor.png, id=713, 377.15906pt x 265.74281pt>
File: transistor.png Graphic file (type png)
 <use transistor.png>
Package pdftex.def Info: transistor.png used on input line 403.
(pdftex.def)             Requested size: 209.12683pt x 147.34708pt.

[28 <./phografe.png>] [29 <./transistor.png>] [30

]
Capitolo 5.
<graphtodiamond.png, id=733, 548.0475pt x 379.4175pt>
File: graphtodiamond.png Graphic file (type png)
 <use graphtodiamond.png>
Package pdftex.def Info: graphtodiamond.png used on input line 425.
(pdftex.def)             Requested size: 334.60422pt x 231.65276pt.


LaTeX Warning: `!h' float specifier changed to `!ht'.

[31] <formdiamante.png, id=744, 184.43906pt x 103.13531pt>
File: formdiamante.png Graphic file (type png)

<use formdiamante.png>
Package pdftex.def Info: formdiamante.png used on input line 436.
(pdftex.def)             Requested size: 250.95476pt x 140.3298pt.


LaTeX Warning: `!h' float specifier changed to `!ht'.

<diaman.png, id=747, 148.30406pt x 134.75343pt>
File: diaman.png Graphic file (type png)
 <use diaman.png>
Package pdftex.def Info: diaman.png used on input line 448.
(pdftex.def)             Requested size: 250.95476pt x 228.03531pt.


LaTeX Warning: `!h' float specifier changed to `!ht'.

[32 <./graphtodiamond.png>] [33 <./formdiamante.png> <./diaman.png>]
<phodiamond.png, id=772, 314.67563pt x 241.65282pt>
File: phodiamond.png Graphic file (type png)
 <use phodiamond.png>
Package pdftex.def Info: phodiamond.png used on input line 469.
(pdftex.def)             Requested size: 292.77629pt x 224.84541pt.

Underfull \hbox (badness 10000) in paragraph at lines 479--486

 []

[34 <./phodiamond.png>] [35] [36

]
Capitolo 6.

Underfull \hbox (badness 10000) in paragraph at lines 494--496

 []

<formlonsdaleite.png, id=787, 284.56313pt x 109.91063pt>
File: formlonsdaleite.png Graphic file (type png)

<use formlonsdaleite.png>
Package pdftex.def Info: formlonsdaleite.png used on input line 503.
(pdftex.def)             Requested size: 292.77629pt x 113.09514pt.
 [37 <./formlonsdaleite.png>]
<unitcelllonsda.png, id=798, 221.32687pt x 221.32687pt>
File: unitcelllonsda.png Graphic file (type png)

<use unitcelllonsda.png>
Package pdftex.def Info: unitcelllonsda.png used on input line 517.
(pdftex.def)             Requested size: 209.12683pt x 209.13809pt.
 <lonsdaleite.png, id=799, 666.23906pt x 234.8775pt>
File: lonsdaleite.png Graphic file (type png)

<use lonsdaleite.png>
Package pdftex.def Info: lonsdaleite.png used on input line 525.
(pdftex.def)             Requested size: 334.60422pt x 117.96529pt.
 <InfiltroLons.png, id=801, 422.32782pt x 286.82156pt>
File: InfiltroLons.png Graphic file (type png)

<use InfiltroLons.png>
Package pdftex.def Info: InfiltroLons.png used on input line 534.
(pdftex.def)             Requested size: 334.60422pt x 227.25177pt.


LaTeX Warning: `!h' float specifier changed to `!ht'.


LaTeX Warning: `!h' float specifier changed to `!ht'.

<phonolonsda.png, id=806, 383.93437pt x 294.34969pt>
File: phonolonsda.png Graphic file (type png)
 <use phonolonsda.png>
Package pdftex.def Info: phonolonsda.png used on input line 544.
(pdftex.def)             Requested size: 292.77629pt x 224.4761pt.


LaTeX Warning: `!h' float specifier changed to `!ht'.

[38 <./unitcelllonsda.png>]
Underfull \hbox (badness 10000) in paragraph at lines 552--557

 []

[39 <./lonsdaleite.png> <./InfiltroLons.png>] [40 <./phonolonsda.png>]
Capitolo 7.
<aaaaaa.png, id=831, 459.21562pt x 216.81pt>
File: aaaaaa.png Graphic file (type png)
 <use aaaaaa.png>
Package pdftex.def Info: aaaaaa.png used on input line 568.
(pdftex.def)             Requested size: 250.95476pt x 118.48495pt.

<SWMW.png, id=838, 133.24782pt x 195.73125pt>
File: SWMW.png Graphic file (type png)
 <use SWMW.png>
Package pdftex.def Info: SWMW.png used on input line 578.
(pdftex.def)             Requested size: 167.2989pt x 245.77147pt.

<cupstacked.png, id=839, 174.6525pt x 277.78781pt>
File: cupstacked.png Graphic file (type png)
 <use cupstacked.png>
Package pdftex.def Info: cupstacked.png used on input line 579.
(pdftex.def)             Requested size: 167.2989pt x 266.10526pt.

<torus.png, id=840, 338.76563pt x 138.5175pt>
File: torus.png Graphic file (type png)
 <use torus.png>
Package pdftex.def Info: torus.png used on input line 585.
(pdftex.def)             Requested size: 204.9466pt x 83.80228pt.

<peapod.png, id=841, 372.64218pt x 150.5625pt>
File: peapod.png Graphic file (type png)
 <use peapod.png>
Package pdftex.def Info: peapod.png used on input line 586.
(pdftex.def)             Requested size: 204.9466pt x 82.80502pt.


LaTeX Warning: `!h' float specifier changed to `!ht'.


LaTeX Warning: `!h' float specifier changed to `!ht'.

<megatube.png, id=842, 351.56343pt x 103.88812pt>
File: megatube.png Graphic file (type png)
 <use megatube.png>
Package pdftex.def Info: megatube.png used on input line 593.
(pdftex.def)             Requested size: 250.95476pt x 74.15738pt.


LaTeX Warning: `!h' float specifier changed to `!ht'.

<onion.png, id=843, 222.07968pt x 149.8097pt>
File: onion.png Graphic file (type png)
 <use onion.png>
Package pdftex.def Info: onion.png used on input line 599.
(pdftex.def)             Requested size: 204.9466pt x 138.25175pt.

<buckyball.png, id=844, 471.26062pt x 265.74281pt>
File: buckyball.png Graphic file (type png)
 <use buckyball.png>
Package pdftex.def Info: buckyball.png used on input line 600.
(pdftex.def)             Requested size: 204.9466pt x 115.5688pt.


LaTeX Warning: `!h' float specifier changed to `!ht'.

[41

 <./aaaaaa.png>] [42 <./SWMW.png> <./cupstacked.png> <./torus.png> <./peapod.pn
g> <./megatube.png>]
Underfull \hbox (badness 10000) in paragraph at lines 614--615

 []


Underfull \hbox (badness 10000) in paragraph at lines 616--618

 []

[43 <./onion.png> <./buckyball.png>]
<anglediag.png, id=872, 465.99094pt x 435.12563pt>
File: anglediag.png Graphic file (type png)
 <use anglediag.png>
Package pdftex.def Info: anglediag.png used on input line 630.
(pdftex.def)             Requested size: 292.77629pt x 273.3936pt.


LaTeX Warning: `!h' float specifier changed to `!ht'.


Underfull \hbox (badness 10000) in paragraph at lines 644--645

 []

<growth.png, id=876, 237.88875pt x 381.67593pt>
File: growth.png Graphic file (type png)
 <use growth.png>
Package pdftex.def Info: growth.png used on input line 651.
(pdftex.def)             Requested size: 146.39133pt x 234.88364pt.

Underfull \hbox (badness 10000) in paragraph at lines 646--657

 []

[44]

LaTeX Warning: `!h' float specifier changed to `!ht'.


Package hyperref Warning: Token not allowed in a PDF string (PDFDocEncoding):
(hyperref)                removing `math shift' on input line 659.


Package hyperref Warning: Token not allowed in a PDF string (PDFDocEncoding):
(hyperref)                removing `subscript' on input line 659.


Package hyperref Warning: Token not allowed in a PDF string (PDFDocEncoding):
(hyperref)                removing `math shift' on input line 659.

<diagfulle.png, id=883, 353.82187pt x 361.35pt>
File: diagfulle.png Graphic file (type png)
 <use diagfulle.png>
Package pdftex.def Info: diagfulle.png used on input line 663.
(pdftex.def)             Requested size: 292.77629pt x 299.01065pt.

<cubicfullerene.png, id=885, 234.8775pt x 225.09094pt>
File: cubicfullerene.png Graphic file (type png)

<use cubicfullerene.png>
Package pdftex.def Info: cubicfullerene.png used on input line 671.
(pdftex.def)             Requested size: 204.9466pt x 196.40797pt.
 <cubicfullfigo.png, id=886, 262.73157pt x 264.99pt>
File: cubicfullfigo.png Graphic file (type png)

<use cubicfullfigo.png>
Package pdftex.def Info: cubicfullfigo.png used on input line 672.
(pdftex.def)             Requested size: 204.9466pt x 206.71562pt.

Underfull \vbox (badness 10000) has occurred while \output is active []

 [45 <./anglediag.png>]

LaTeX Warning: `!h' float specifier changed to `!ht'.


LaTeX Warning: `!h' float specifier changed to `!ht'.


Package hyperref Warning: Token not allowed in a PDF string (PDFDocEncoding):
(hyperref)                removing `math shift' on input line 680.


Package hyperref Warning: Token not allowed in a PDF string (PDFDocEncoding):
(hyperref)                removing `subscript' on input line 680.


Package hyperref Warning: Token not allowed in a PDF string (PDFDocEncoding):
(hyperref)                removing `math shift' on input line 680.


Underfull \hbox (badness 10000) in paragraph at lines 681--682

 []

<phononc60.png, id=894, 381.67593pt x 359.09157pt>
File: phononc60.png Graphic file (type png)
 <use phononc60.png>
Package pdftex.def Info: phononc60.png used on input line 686.
(pdftex.def)             Requested size: 292.77629pt x 275.46576pt.

<librational.png, id=895, 114.4275pt x 229.60782pt>
File: librational.png Graphic file (type png)
 <use librational.png>
Package pdftex.def Info: librational.png used on input line 698.
(pdftex.def)             Requested size: 104.56342pt x 209.82281pt.


LaTeX Warning: `!h' float specifier changed to `!ht'.

[46 <./growth.png>] [47 <./diagfulle.png> <./cubicfullerene.png> <./cubicfullfi
go.png>]
Underfull \vbox (badness 3930) has occurred while \output is active []

 [48 <./phononc60.png> <./librational.png>]
<nanotube.png, id=922, 243.91125pt x 212.29312pt>
File: nanotube.png Graphic file (type png)
 <use nanotube.png>
Package pdftex.def Info: nanotube.png used on input line 709.
(pdftex.def)             Requested size: 230.04079pt x 200.22285pt.

<chirl.png, id=926, 519.44063pt x 414.04688pt>
File: chirl.png Graphic file (type png)
 <use chirl.png>
Package pdftex.def Info: chirl.png used on input line 717.
(pdftex.def)             Requested size: 204.9466pt x 163.36034pt.

<chirl1.png, id=927, 588.69937pt x 329.73187pt>
File: chirl1.png Graphic file (type png)
 <use chirl1.png>
Package pdftex.def Info: chirl1.png used on input line 718.
(pdftex.def)             Requested size: 204.9466pt x 114.78902pt.


LaTeX Warning: `!h' float specifier changed to `!ht'.

[49 <./nanotube.png>] <phononnanotubes.png, id=942, 271.76532pt x 331.99031pt>
File: phononnanotubes.png Graphic file (type png)

<use phononnanotubes.png>
Package pdftex.def Info: phononnanotubes.png used on input line 746.
(pdftex.def)             Requested size: 230.04079pt x 281.03302pt.


LaTeX Warning: `!h' float specifier changed to `!ht'.


Package hyperref Warning: Token not allowed in a PDF string (PDFDocEncoding):
(hyperref)                removing `math shift' on input line 756.


Package hyperref Warning: Token not allowed in a PDF string (PDFDocEncoding):
(hyperref)                removing `subscript' on input line 756.


Package hyperref Warning: Token not allowed in a PDF string (PDFDocEncoding):
(hyperref)                removing `math shift' on input line 756.

[50 <./chirl.png> <./chirl1.png>] [51 <./phononnanotubes.png>]

Package hyperref Warning: Token not allowed in a PDF string (PDFDocEncoding):
(hyperref)                removing `math shift' on input line 764.


Package hyperref Warning: Token not allowed in a PDF string (PDFDocEncoding):
(hyperref)                removing `subscript' on input line 764.


Package hyperref Warning: Token not allowed in a PDF string (PDFDocEncoding):
(hyperref)                removing `math shift' on input line 764.

<physicalcnt.png, id=958, 384.6872pt x 408.77719pt>
File: physicalcnt.png Graphic file (type png)
 <use physicalcnt.png>
Package pdftex.def Info: physicalcnt.png used on input line 775.
(pdftex.def)             Requested size: 230.04079pt x 244.4511pt.

[52 <./physicalcnt.png>] [53] [54]
Capitolo 8.

Underfull \hbox (badness 10000) in paragraph at lines 799--800

 []


Underfull \hbox (badness 10000) in paragraph at lines 803--804

 []

<nanofoam.png, id=975, 409.53pt x 413.29407pt>
File: nanofoam.png Graphic file (type png)
 <use nanofoam.png>
Package pdftex.def Info: nanofoam.png used on input line 808.
(pdftex.def)             Requested size: 230.04079pt x 232.16202pt.


LaTeX Warning: `!h' float specifier changed to `!ht'.


Underfull \hbox (badness 10000) in paragraph at lines 814--818

 []

[55

] [56 <./nanofoam.png>]
Capitolo 9.
<Amorph.png, id=991, 164.11313pt x 197.98969pt>
File: Amorph.png Graphic file (type png)
 <use Amorph.png>
Package pdftex.def Info: Amorph.png used on input line 835.
(pdftex.def)             Requested size: 146.39133pt x 176.61206pt.

<Amorph1.png, id=992, 132.495pt x 128.73094pt>
File: Amorph1.png Graphic file (type png)
 <use Amorph1.png>
Package pdftex.def Info: Amorph1.png used on input line 836.
(pdftex.def)             Requested size: 125.47737pt x 121.91457pt.

<Amorph2.png, id=993, 139.27031pt x 118.94438pt>
File: Amorph2.png Graphic file (type png)
 <use Amorph2.png>
Package pdftex.def Info: Amorph2.png used on input line 837.
(pdftex.def)             Requested size: 146.39133pt x 125.02957pt.

Underfull \hbox (badness 10000) in paragraph at lines 831--842

 []


LaTeX Warning: `!h' float specifier changed to `!ht'.

[57

] [58 <./Amorph.png> <./Amorph1.png> <./Amorph2.png>] [59] [60

]
Capitolo 10.

Underfull \hbox (badness 10000) in paragraph at lines 857--858

 []

<TCarbon.png, id=1017, 407.27156pt x 301.8778pt>
File: TCarbon.png Graphic file (type png)
 <use TCarbon.png>
Package pdftex.def Info: TCarbon.png used on input line 867.
(pdftex.def)             Requested size: 230.04079pt x 170.5106pt.
 [61 <./TCarbon.png>]
Underfull \hbox (badness 10000) in paragraph at lines 874--877

 []

[62]
Capitolo 11.
<Qcarboon.png, id=1032, 572.1375pt x 381.67593pt>
File: Qcarboon.png Graphic file (type png)
 <use Qcarboon.png>
Package pdftex.def Info: Qcarboon.png used on input line 888.
(pdftex.def)             Requested size: 230.04079pt x 153.45972pt.
 [63

 <./Qcarboon.png>] [64]
Capitolo 12.

Underfull \hbox (badness 10000) in paragraph at lines 902--903

 []


Underfull \hbox (badness 10000) in paragraph at lines 904--905

 []

<Nova.png, id=1048, 353.82187pt x 268.75406pt>
File: Nova.png Graphic file (type png)
 <use Nova.png>
Package pdftex.def Info: Nova.png used on input line 913.
(pdftex.def)             Requested size: 230.04079pt x 174.73727pt.

<SimpleNovamene.png, id=1049, 474.27188pt x 216.81pt>
File: SimpleNovamene.png Graphic file (type png)
 <use SimpleNovamene.png>
Package pdftex.def Info: SimpleNovamene.png used on input line 920.
(pdftex.def)             Requested size: 359.69841pt x 164.43987pt.

Underfull \hbox (badness 10000) in paragraph at lines 910--925

 []


LaTeX Warning: `!h' float specifier changed to `!ht'.

[65

 <./Nova.png>] <twonovamene.png, id=1059, 239.39438pt x 183.68625pt>
File: twonovamene.png Graphic file (type png)

<use twonovamene.png>
Package pdftex.def Info: twonovamene.png used on input line 929.
(pdftex.def)             Requested size: 230.04079pt x 176.51054pt.
 [66 <./SimpleNovamene.png> <./twonovamene.png>] [67]
[68

]
Capitolo 13.

Underfull \hbox (badness 10000) in paragraph at lines 943--944

 []

<Protomene.png, id=1079, 347.04657pt x 410.2828pt>
File: Protomene.png Graphic file (type png)
 <use Protomene.png>
Package pdftex.def Info: Protomene.png used on input line 952.
(pdftex.def)             Requested size: 313.69025pt x 370.86003pt.

Underfull \hbox (badness 10000) in paragraph at lines 949--957

 []


LaTeX Warning: `!h' float specifier changed to `!ht'.


Underfull \hbox (badness 10000) in paragraph at lines 960--961

 []


Underfull \hbox (badness 10000) in paragraph at lines 962--965

 []

[69] [70 <./Protomene.png>]
Capitolo 14.

Underfull \hbox (badness 10000) in paragraph at lines 970--971

 []

<DCarbon.png, id=1095, 311.66437pt x 352.31625pt>
File: DCarbon.png Graphic file (type png)
 <use DCarbon.png>
Package pdftex.def Info: DCarbon.png used on input line 976.
(pdftex.def)             Requested size: 313.69025pt x 354.61089pt.


LaTeX Warning: `!h' float specifier changed to `!ht'.

[71

] [72 <./DCarbon.png>]
LaTeX Font Info:    Font shape `OMS/cmr/bx/n' in size <10> not available
(Font)              Font shape `OMS/cmsy/b/n' tried instead on input line 998.

Underfull \hbox (badness 1189) in paragraph at lines 1036--1037
[]\T1/cmr/m/n/10 Prithu Mu-kho-pa-d-hyay e Ra-kesh K. Gup-ta, \T1/cmr/m/it/10 G
ra-phi-te, Gra-phe-ne and their po-ly-mer
 []

[73

pdfTeX warning (ext4): destination with the same identifier (name{cite.melissin
os}) has been already used, duplicate ignored

\AtBegShi@Output ...ipout \box \AtBeginShipoutBox 
                                                  \fi \fi 
l.1050 \bibitem{Saito}
                      pdfTeX warning (ext4): destination with the same identifi
er (name{cite.melissinos}) has been already used, duplicate ignored

\AtBegShi@Output ...ipout \box \AtBeginShipoutBox 
                                                  \fi \fi 
l.1050 \bibitem{Saito}
                      pdfTeX warning (ext4): destination with the same identifi
er (name{cite.melissinos}) has been already used, duplicate ignored

\AtBegShi@Output ...ipout \box \AtBeginShipoutBox 
                                                  \fi \fi 
l.1050 \bibitem{Saito}
                      pdfTeX warning (ext4): destination with the same identifi
er (name{cite.melissinos}) has been already used, duplicate ignored

\AtBegShi@Output ...ipout \box \AtBeginShipoutBox 
                                                  \fi \fi 
l.1050 \bibitem{Saito}
                      pdfTeX warning (ext4): destination with the same identifi
er (name{cite.melissinos}) has been already used, duplicate ignored

\AtBegShi@Output ...ipout \box \AtBeginShipoutBox 
                                                  \fi \fi 
l.1050 \bibitem{Saito}
                      pdfTeX warning (ext4): destination with the same identifi
er (name{cite.melissinos}) has been already used, duplicate ignored

\AtBegShi@Output ...ipout \box \AtBeginShipoutBox 
                                                  \fi \fi 
l.1050 \bibitem{Saito}
                      pdfTeX warning (ext4): destination with the same identifi
er (name{cite.melissinos}) has been already used, duplicate ignored

\AtBegShi@Output ...ipout \box \AtBeginShipoutBox 
                                                  \fi \fi 
l.1050 \bibitem{Saito}
                      pdfTeX warning (ext4): destination with the same identifi
er (name{cite.melissinos}) has been already used, duplicate ignored

\AtBegShi@Output ...ipout \box \AtBeginShipoutBox 
                                                  \fi \fi 
l.1050 \bibitem{Saito}
                      pdfTeX warning (ext4): destination with the same identifi
er (name{cite.melissinos}) has been already used, duplicate ignored

\AtBegShi@Output ...ipout \box \AtBeginShipoutBox 
                                                  \fi \fi 
l.1050 \bibitem{Saito}
                      pdfTeX warning (ext4): destination with the same identifi
er (name{cite.melissinos}) has been already used, duplicate ignored

\AtBegShi@Output ...ipout \box \AtBeginShipoutBox 
                                                  \fi \fi 
l.1050 \bibitem{Saito}
                      ]
Underfull \hbox (badness 2181) in paragraph at lines 1054--1055
[]\T1/cmr/m/n/10 Dodd Gray, Adam Mc-Cau-ghan, Bha-skar Moo-ke-r-ji, \T1/cmr/m/i
t/10 Pho-non Spec-tra of Gra-phe-ne\T1/cmr/m/n/10 ,
 []

pdfTeX warning (ext4): destination with the same identifier (name{cite.melissin
os}) has been already used, duplicate ignored
<to be read again> 
                   \relax 
l.1056 \bibitem{melissinos}
                           pdfTeX warning (ext4): destination with the same ide
ntifier (name{cite.melissinos}) has been already used, duplicate ignored
<to be read again> 
                   \relax 
l.1059 \bibitem{melissinos}
                           pdfTeX warning (ext4): destination with the same ide
ntifier (name{cite.melissinos}) has been already used, duplicate ignored
<to be read again> 
                   \relax 
l.1063  \bibitem{melissinos}
                            pdfTeX warning (ext4): destination with the same id
entifier (name{cite.melissinos}) has been already used, duplicate ignored
<to be read again> 
                   \relax 
l.1066 \bibitem{melissinos}
                           pdfTeX warning (ext4): destination with the same ide
ntifier (name{cite.melissinos}) has been already used, duplicate ignored
<to be read again> 
                   \relax 
l.1069 \bibitem{melissinos}
                           pdfTeX warning (ext4): destination with the same ide
ntifier (name{cite.melissinos}) has been already used, duplicate ignored
<to be read again> 
                   \relax 
l.1087 \bibitem{melissinos}
                           pdfTeX warning (ext4): destination with the same ide
ntifier (name{cite.melissinos}) has been already used, duplicate ignored
<to be read again> 
                   \relax 
l.1090 \bibitem{melissinos}
                           pdfTeX warning (ext4): destination with the same ide
ntifier (name{cite.melissinos}) has been already used, duplicate ignored
<to be read again> 
                   \relax 
l.1097 \bibitem{melissinos}
                           
Underfull \hbox (badness 1314) in paragraph at lines 1106--1107
[]\T1/cmr/m/n/10 Jagdish Na-ra-yan and Ana-gh Bhau-mik,\T1/cmr/m/it/10 Novel ph
a-se of car-bon, fer-ro-ma-gne-ti-sm, and
 []

[74pdfTeX warning (ext4): destination with the same identifier (name{cite.melis
sinos}) has been already used, duplicate ignored

\AtBegShi@Output ...ipout \box \AtBeginShipoutBox 
                                                  \fi \fi 
l.1107 
       ]
Package atveryend Info: Empty hook `BeforeClearDocument' on input line 1120.
 [75]
Package atveryend Info: Empty hook `AfterLastShipout' on input line 1120.
 (./tesi.aux)
Package atveryend Info: Executing hook `AtVeryEndDocument' on input line 1120.
Package atveryend Info: Executing hook `AtEndAfterFileList' on input line 1120.

Package rerunfilecheck Info: File `tesi.out' has not changed.
(rerunfilecheck)             Checksum: 4076709859B50DF7B5BB7C261F9E5442;6941.


LaTeX Warning: There were multiply-defined labels.

 ) 
Here is how much of TeX's memory you used:
 18442 strings out of 492995
 336523 string characters out of 6136403
 410627 words of memory out of 5000000
 21496 multiletter control sequences out of 15000+600000
 21337 words of font info for 55 fonts, out of 8000000 for 9000
 1141 hyphenation exceptions out of 8191
 34i,11n,43p,10393b,955s stack positions out of 5000i,500n,10000p,200000b,80000s
{c:/texlive/2017/texmf-dist/fonts/enc/dvips/cm-super/cm-super-t1.enc}<c:/texl
ive/2017/texmf-dist/fonts/type1/public/amsfonts/cm/cmbsy10.pfb><c:/texlive/2017
/texmf-dist/fonts/type1/public/amsfonts/cm/cmex10.pfb><c:/texlive/2017/texmf-di
st/fonts/type1/public/amsfonts/cm/cmmi10.pfb><c:/texlive/2017/texmf-dist/fonts/
type1/public/amsfonts/cm/cmmi12.pfb><c:/texlive/2017/texmf-dist/fonts/type1/pub
lic/amsfonts/cm/cmmi7.pfb><c:/texlive/2017/texmf-dist/fonts/type1/public/amsfon
ts/cm/cmr10.pfb><c:/texlive/2017/texmf-dist/fonts/type1/public/amsfonts/cm/cmr5
.pfb><c:/texlive/2017/texmf-dist/fonts/type1/public/amsfonts/cm/cmr7.pfb><c:/te
xlive/2017/texmf-dist/fonts/type1/public/amsfonts/cm/cmr8.pfb><c:/texlive/2017/
texmf-dist/fonts/type1/public/amsfonts/cm/cmsy10.pfb><c:/texlive/2017/texmf-dis
t/fonts/type1/public/amsfonts/cm/cmsy7.pfb><c:/texlive/2017/texmf-dist/fonts/ty
pe1/adobe/utopia/putb8a.pfb><c:/texlive/2017/texmf-dist/fonts/type1/adobe/utopi
a/putr8a.pfb><c:/texlive/2017/texmf-dist/fonts/type1/public/cm-super/sfbx1000.p
fb><c:/texlive/2017/texmf-dist/fonts/type1/public/cm-super/sfbx1200.pfb><c:/tex
live/2017/texmf-dist/fonts/type1/public/cm-super/sfbx1440.pfb><c:/texlive/2017/
texmf-dist/fonts/type1/public/cm-super/sfbx2074.pfb><c:/texlive/2017/texmf-dist
/fonts/type1/public/cm-super/sfbx2488.pfb><c:/texlive/2017/texmf-dist/fonts/typ
e1/public/cm-super/sfrm1000.pfb><c:/texlive/2017/texmf-dist/fonts/type1/public/
cm-super/sfsl1000.pfb><c:/texlive/2017/texmf-dist/fonts/type1/public/cm-super/s
fti1000.pfb>
Output written on tesi.pdf (75 pages, 7336320 bytes).
PDF statistics:
 1246 PDF objects out of 1440 (max. 8388607)
 1022 compressed objects within 11 object streams
 251 named destinations out of 1000 (max. 500000)
 1069 words of extra memory for PDF output out of 10000 (max. 10000000)

