\BOOKMARK [0][-]{chapter*.1}{Indice}{}% 1
\BOOKMARK [0][-]{chapter.1}{Introduzione}{}% 2
\BOOKMARK [1][-]{section.1.1}{Generalit\340 sul carbonio}{chapter.1}% 3
\BOOKMARK [1][-]{section.1.2}{Legami che forma}{chapter.1}% 4
\BOOKMARK [1][-]{section.1.3}{Forme allotropiche}{chapter.1}% 5
\BOOKMARK [1][-]{section.1.4}{Diagramma di fase}{chapter.1}% 6
\BOOKMARK [1][-]{section.1.5}{Criterio di suddivisione}{chapter.1}% 7
\BOOKMARK [0][-]{chapter.2}{Carbonio acetilenico lineare}{}% 8
\BOOKMARK [1][-]{section.2.1}{Scoperta e sintetizzazione}{chapter.2}% 9
\BOOKMARK [1][-]{section.2.2}{Reticolo cristallino}{chapter.2}% 10
\BOOKMARK [2][-]{subsection.2.2.1}{Struttura del reticolo}{section.2.2}% 11
\BOOKMARK [2][-]{subsection.2.2.2}{Dispersione fononica}{section.2.2}% 12
\BOOKMARK [1][-]{section.2.3}{Propriet\340 fisiche}{chapter.2}% 13
\BOOKMARK [1][-]{section.2.4}{applicazioni possibili}{chapter.2}% 14
\BOOKMARK [0][-]{chapter.3}{Grafite}{}% 15
\BOOKMARK [1][-]{section.3.1}{Sintetizzazione e scoperta}{chapter.3}% 16
\BOOKMARK [2][-]{subsection.3.1.1}{Grafite naturale}{section.3.1}% 17
\BOOKMARK [2][-]{subsection.3.1.2}{Grafite sintetizzata}{section.3.1}% 18
\BOOKMARK [2][-]{subsection.3.1.3}{Grafite pirolitica}{section.3.1}% 19
\BOOKMARK [2][-]{subsection.3.1.4}{Highly oriented pyrolytic graphite}{section.3.1}% 20
\BOOKMARK [2][-]{subsection.3.1.5}{Kish grafite}{section.3.1}% 21
\BOOKMARK [2][-]{subsection.3.1.6}{Grafite whiskers}{section.3.1}% 22
\BOOKMARK [1][-]{section.3.2}{Reticolo cristallino}{chapter.3}% 23
\BOOKMARK [2][-]{subsection.3.2.1}{Struttura del reticolo}{section.3.2}% 24
\BOOKMARK [2][-]{subsection.3.2.2}{Reticolo romboedrico}{section.3.2}% 25
\BOOKMARK [2][-]{subsection.3.2.3}{Dispersione fononica}{section.3.2}% 26
\BOOKMARK [1][-]{section.3.3}{Propriet\340 fisiche}{chapter.3}% 27
\BOOKMARK [1][-]{section.3.4}{Applicazioni possibili}{chapter.3}% 28
\BOOKMARK [0][-]{chapter.4}{Grafene}{}% 29
\BOOKMARK [1][-]{section.4.1}{Sintetizzazione e scoperta}{chapter.4}% 30
\BOOKMARK [1][-]{section.4.2}{Reticolo cristallino}{chapter.4}% 31
\BOOKMARK [2][-]{subsection.4.2.1}{Struttura del reticolo}{section.4.2}% 32
\BOOKMARK [2][-]{subsection.4.2.2}{Dispersione fononica nel grafene}{section.4.2}% 33
\BOOKMARK [1][-]{section.4.3}{Propriet\340 fisiche e utilizzi}{chapter.4}% 34
\BOOKMARK [0][-]{chapter.5}{Diamante}{}% 35
\BOOKMARK [1][-]{section.5.1}{Sintetizzazione e scoperta}{chapter.5}% 36
\BOOKMARK [2][-]{subsection.5.1.1}{Scoperta}{section.5.1}% 37
\BOOKMARK [2][-]{subsection.5.1.2}{sintetizzazione}{section.5.1}% 38
\BOOKMARK [2][-]{subsection.5.1.3}{Dalla grafite esagonale al diamante cubico}{section.5.1}% 39
\BOOKMARK [2][-]{subsection.5.1.4}{Nucleazione da grafite romboedrica a diamante}{section.5.1}% 40
\BOOKMARK [1][-]{section.5.2}{Reticolo Cristallino}{chapter.5}% 41
\BOOKMARK [2][-]{subsection.5.2.1}{Struttura del reticolo}{section.5.2}% 42
\BOOKMARK [2][-]{subsection.5.2.2}{Dispersione fononica}{section.5.2}% 43
\BOOKMARK [1][-]{section.5.3}{Propriet\340 fisiche e applicazioni possibili}{chapter.5}% 44
\BOOKMARK [2][-]{subsection.5.3.1}{Propriet\340}{section.5.3}% 45
\BOOKMARK [2][-]{subsection.5.3.2}{Utilizzi}{section.5.3}% 46
\BOOKMARK [0][-]{chapter.6}{Lonsdaleite}{}% 47
\BOOKMARK [1][-]{section.6.1}{Sintetizzazione e scoperta}{chapter.6}% 48
\BOOKMARK [1][-]{section.6.2}{Reticolo Cristallino}{chapter.6}% 49
\BOOKMARK [2][-]{subsection.6.2.1}{Struttura del reticolo}{section.6.2}% 50
\BOOKMARK [2][-]{subsection.6.2.2}{Dispersione fononica}{section.6.2}% 51
\BOOKMARK [1][-]{section.6.3}{Propriet\340 fisiche e applicazioni possibili}{chapter.6}% 52
\BOOKMARK [0][-]{chapter.7}{Fullereni}{}% 53
\BOOKMARK [1][-]{section.7.1}{Generalit\340}{chapter.7}% 54
\BOOKMARK [1][-]{section.7.2}{Scoperta e sintetizzazione}{chapter.7}% 55
\BOOKMARK [2][-]{subsection.7.2.1}{Scoperta}{section.7.2}% 56
\BOOKMARK [2][-]{subsection.7.2.2}{Sintetizzazione}{section.7.2}% 57
\BOOKMARK [1][-]{section.7.3}{Reticolo cristallino}{chapter.7}% 58
\BOOKMARK [2][-]{subsection.7.3.1}{Caratteristiche del reticolo nei fullereni sferoidali}{section.7.3}% 59
\BOOKMARK [2][-]{subsection.7.3.2}{Formazione del reticolo cristallino di un fullerene}{section.7.3}% 60
\BOOKMARK [2][-]{subsection.7.3.3}{Reticolo cristallino del C60 molecolare}{section.7.3}% 61
\BOOKMARK [2][-]{subsection.7.3.4}{Modi vibrazionali del C60 molecolare}{section.7.3}% 62
\BOOKMARK [2][-]{subsection.7.3.5}{Reticolo cristallino dei nanotubi di carbonio}{section.7.3}% 63
\BOOKMARK [2][-]{subsection.7.3.6}{Dispersione fononica nei nanotubi di carbonio}{section.7.3}% 64
\BOOKMARK [1][-]{section.7.4}{Propriet\340 fisiche e applicazioni}{chapter.7}% 65
\BOOKMARK [2][-]{subsection.7.4.1}{Propriet\340 fisiche del C60}{section.7.4}% 66
\BOOKMARK [2][-]{subsection.7.4.2}{Applicazioni del C60}{section.7.4}% 67
\BOOKMARK [2][-]{subsection.7.4.3}{Propriet\340 fisiche dei nanotubi di carbonio}{section.7.4}% 68
\BOOKMARK [2][-]{subsection.7.4.4}{Applicazioni dei nanotubi di carbonio}{section.7.4}% 69
\BOOKMARK [0][-]{chapter.8}{Nanoschiuma di carbonio}{}% 70
\BOOKMARK [1][-]{section.8.1}{Sintetizzazione e struttura del reticolo}{chapter.8}% 71
\BOOKMARK [1][-]{section.8.2}{Propriet\340 fisiche e utilizzi}{chapter.8}% 72
\BOOKMARK [0][-]{chapter.9}{Carbonio amorfo}{}% 73
\BOOKMARK [1][-]{section.9.1}{Sintetizzazione e scoperta}{chapter.9}% 74
\BOOKMARK [1][-]{section.9.2}{Reticolo Cristallino}{chapter.9}% 75
\BOOKMARK [1][-]{section.9.3}{Propriet\340 fisiche e applicazioni possibili}{chapter.9}% 76
\BOOKMARK [2][-]{subsection.9.3.1}{Propriet\340 fisiche}{section.9.3}% 77
\BOOKMARK [2][-]{subsection.9.3.2}{utilizzi}{section.9.3}% 78
\BOOKMARK [0][-]{chapter.10}{T-Carbon \(2011\)}{}% 79
\BOOKMARK [1][-]{section.10.1}{Reticolo Cristallino}{chapter.10}% 80
\BOOKMARK [1][-]{section.10.2}{Propriet\340 fisiche e applicazioni possibili}{chapter.10}% 81
\BOOKMARK [0][-]{chapter.11}{Q-Carbon \(2015\)}{}% 82
\BOOKMARK [1][-]{section.11.1}{Sintetizzazione e reticolo cristallino}{chapter.11}% 83
\BOOKMARK [1][-]{section.11.2}{Propriet\340 fisiche e applicazioni possibili}{chapter.11}% 84
\BOOKMARK [0][-]{chapter.12}{Novamene \(2017\)}{}% 85
\BOOKMARK [1][-]{section.12.1}{Reticolo Cristallino}{chapter.12}% 86
\BOOKMARK [1][-]{section.12.2}{Propriet\340 fisiche e applicazioni possibili}{chapter.12}% 87
\BOOKMARK [1][-]{section.12.3}{Sintetizzazione e scoperta}{chapter.12}% 88
\BOOKMARK [0][-]{chapter.13}{Protomene \(2018\)}{}% 89
\BOOKMARK [1][-]{section.13.1}{Reticolo Cristallino}{chapter.13}% 90
\BOOKMARK [1][-]{section.13.2}{Propriet\340 fisiche e applicazioni possibili}{chapter.13}% 91
\BOOKMARK [0][-]{chapter.14}{D-Carbon \(2018\)}{}% 92
\BOOKMARK [1][-]{section.14.1}{Reticolo cristallino}{chapter.14}% 93
\BOOKMARK [1][-]{section.14.2}{Propriet\340 fisiche e utilizzi}{chapter.14}% 94
\BOOKMARK [1][-]{section.14.3}{Sintetizzazione}{chapter.14}% 95
\BOOKMARK [0][-]{chapter*.2}{Bibliografia}{}% 96
